New log file opened at Tue May 05 11:51:50 CEST 2015 by 8327@RaulHC.local
jvm 8327@RaulHC.local
jvm vmName=Java HotSpot(TM) 64-Bit Server VM vmVendor=Oracle Corporation vmVersion=25.31-b07
jvm specName=Java Virtual Machine Specification specVendor=Oracle Corporation specVersion=1.8
jvm arguments: [-Xms256m, -Xmx1024m, -XX:MetaspaceSize=64m, -XX:MaxMetaspaceSize=256m]
Starting event engine
Starting sbt command engine
Waiting for sbt command engine
Command engine arguments=List()
Command engine baseDirectory=/Users/raulhc/Documents/Github/Trivial3a/Trivial3aPlay
Command engine initial remaining commands List(--initialize, onFailure load-failed, boot, server-send-ready-for-request, server-handle-next-server-request)
> --initialize
> initialize
> onFailure load-failed
> boot
> reload
[Loading] Scanning directory /Users/raulhc/Documents/Github/Trivial3a/Trivial3aPlay/project
[Loading] Found non-root projects 
[Loading] Done in /Users/raulhc/Documents/Github/Trivial3a/Trivial3aPlay/project, returning: ()
deducing auto plugins based on known facts Set(Atom(sbt.plugins.CorePlugin)) and clauses Clauses(List(Clause(Atom(sbt.plugins.JvmPlugin),Set(Atom(sbt.plugins.IvyPlugin))), Clause(Atom(sbt.plugins.JUnitXmlReportPlugin),Set(Atom(sbt.plugins.JvmPlugin))), Clause(Atom(sbt.plugins.CorePlugin),Set(Atom(sbt.plugins.IvyPlugin))), Clause(Atom(sbt.plugins.IvyPlugin),Set(Atom(sbt.plugins.JvmPlugin))), Clause(Atom(sbt.plugins.JvmPlugin),Set(Atom(sbt.plugins.JUnitXmlReportPlugin)))))
  :: deduced result: Matched(sbt.plugins.CorePlugin,sbt.plugins.IvyPlugin,sbt.plugins.JvmPlugin,sbt.plugins.JUnitXmlReportPlugin)
sorting: ns: List(sbt.plugins.CorePlugin, sbt.plugins.IvyPlugin, sbt.plugins.JvmPlugin, sbt.plugins.JUnitXmlReportPlugin)
  :: sorting:: found: List(sbt.plugins.CorePlugin) not found List(sbt.plugins.IvyPlugin, sbt.plugins.JvmPlugin, sbt.plugins.JUnitXmlReportPlugin)
  :: sorting:: found: List(sbt.plugins.CorePlugin, sbt.plugins.IvyPlugin) not found List(sbt.plugins.JvmPlugin, sbt.plugins.JUnitXmlReportPlugin)
  :: sorting:: found: List(sbt.plugins.CorePlugin, sbt.plugins.IvyPlugin, sbt.plugins.JvmPlugin) not found List(sbt.plugins.JUnitXmlReportPlugin)
  :: sorting:: found: List(sbt.plugins.CorePlugin, sbt.plugins.IvyPlugin, sbt.plugins.JvmPlugin, sbt.plugins.JUnitXmlReportPlugin) not found List()
  :: sorted deduced result: List(sbt.plugins.CorePlugin, sbt.plugins.IvyPlugin, sbt.plugins.JvmPlugin, sbt.plugins.JUnitXmlReportPlugin)
[Loading] Done in /Users/raulhc/Documents/Github/Trivial3a/Trivial3aPlay/project, returning: (trivial3aplay-build)
Loading project definition from /Users/raulhc/Documents/Github/Trivial3a/Trivial3aPlay/project
Running task... Cancel: sbt.TaskCancellationStrategy$Null$@2b225e38, check cycles: false

Initial source changes: 
	removed:Set()
	added: Set()
	modified: Set()
Removed products: Set()
External API changes: API Changes: Set()
Modified binary dependencies: Set()
Initial directly invalidated sources: Set()

Sources indirectly invalidated by:
	product: Set()
	binary dep: Set()
	external source: Set()
All initially invalidated sources: Set()

Copy resource mappings: 
	
[Loading] Scanning directory /Users/raulhc/Documents/Github/Trivial3a/Trivial3aPlay
[Loading] Found root project root w/ remaining 
deducing auto plugins based on known facts Set(Atom(play.PlayJava), Atom(sbt.plugins.CorePlugin)) and clauses Clauses(List(Clause(Atom(sbt.plugins.JvmPlugin),Set(Atom(sbt.plugins.IvyPlugin))), Clause(Atom(sbt.plugins.JUnitXmlReportPlugin),Set(Atom(sbt.plugins.JvmPlugin))), Clause(Atom(play.sbt.forkrun.PlayForkRun),Set(Atom(sbt.plugins.BackgroundRunPlugin))), Clause(Atom(play.sbt.forkrun.PlayForkRun),Set(Atom(play.Play))), Clause(Atom(play.sbt.forkrun.PlayForkRun),Set(Atom(sbt.plugins.SerializersPlugin))), Clause(Atom(play.Play),Set(Atom(com.typesafe.sbt.webdriver.SbtWebDriver))), Clause(Atom(play.Play),Set(Atom(play.twirl.sbt.SbtTwirl))), Clause(Atom(play.Play),Set(Atom(com.typesafe.sbt.jse.SbtJsTask))), Clause(Atom(play.PlayJava),Set(Atom(play.Play))), Clause(Atom(play.PlayScala),Set(Atom(play.Play))), Clause(Atom(play.twirl.sbt.SbtTwirl),Set(Atom(sbt.plugins.JvmPlugin))), Clause(Atom(com.typesafe.sbt.jse.SbtJsEngine),Set(Atom(com.typesafe.sbt.web.SbtWeb))), Clause(Atom(com.typesafe.sbt.jse.SbtJsTask),Set(Atom(com.typesafe.sbt.jse.SbtJsEngine))), Clause(Atom(com.typesafe.sbt.webdriver.SbtWebDriver),Set(Atom(com.typesafe.sbt.web.SbtWeb))), Clause(Atom(sbt.plugins.BackgroundRunPlugin),Set(Atom(sbt.plugins.JvmPlugin))), Clause(Atom(com.typesafe.sbt.coffeescript.SbtCoffeeScript),Set(Atom(com.typesafe.sbt.jse.SbtJsTask))), Clause(Atom(com.typesafe.sbt.less.SbtLess),Set(Atom(com.typesafe.sbt.jse.SbtJsTask))), Clause(Atom(com.typesafe.sbt.jshint.SbtJSHint),Set(Atom(com.typesafe.sbt.jse.SbtJsTask))), Clause(Atom(com.typesafe.sbt.rjs.SbtRjs),Set(Atom(com.typesafe.sbt.jse.SbtJsTask))), Clause(Atom(com.typesafe.sbt.digest.SbtDigest),Set(Atom(com.typesafe.sbt.web.SbtWeb))), Clause(Atom(com.typesafe.sbt.mocha.SbtMocha),Set(Atom(com.typesafe.sbt.jse.SbtJsTask))), Clause(Atom(sbt.plugins.CorePlugin),Set(Atom(sbt.plugins.IvyPlugin))), Clause(Atom(sbt.plugins.IvyPlugin),Set(Atom(sbt.plugins.JvmPlugin))), Clause(Atom(sbt.plugins.JvmPlugin),Set(Atom(sbt.plugins.JUnitXmlReportPlugin))), Clause(And(Set(Atom(sbt.plugins.BackgroundRunPlugin), Atom(play.Play), Atom(sbt.plugins.SerializersPlugin))),Set(Atom(play.sbt.forkrun.PlayForkRun))), Clause(Atom(com.typesafe.sbt.web.SbtWeb),Set(Atom(com.typesafe.sbt.jse.SbtJsEngine))), Clause(Atom(com.typesafe.sbt.jse.SbtJsEngine),Set(Atom(com.typesafe.sbt.jse.SbtJsTask))), Clause(Atom(com.typesafe.sbt.web.SbtWeb),Set(Atom(com.typesafe.sbt.webdriver.SbtWebDriver))), Clause(Atom(sbt.plugins.JvmPlugin),Set(Atom(sbt.plugins.BackgroundRunPlugin))), Clause(Atom(sbt.plugins.CorePlugin),Set(Atom(sbt.plugins.InteractionServicePlugin))), Clause(Atom(sbt.plugins.CorePlugin),Set(Atom(sbt.plugins.SendEventServicePlugin))), Clause(Atom(sbt.plugins.CorePlugin),Set(Atom(sbt.plugins.SerializersPlugin))), Clause(Atom(com.typesafe.sbt.jse.SbtJsTask),Set(Atom(com.typesafe.sbt.coffeescript.SbtCoffeeScript))), Clause(Atom(com.typesafe.sbt.jse.SbtJsTask),Set(Atom(com.typesafe.sbt.less.SbtLess))), Clause(Atom(com.typesafe.sbt.jse.SbtJsTask),Set(Atom(com.typesafe.sbt.jshint.SbtJSHint))), Clause(Atom(com.typesafe.sbt.jse.SbtJsTask),Set(Atom(com.typesafe.sbt.rjs.SbtRjs))), Clause(Atom(com.typesafe.sbt.web.SbtWeb),Set(Atom(com.typesafe.sbt.digest.SbtDigest))), Clause(Atom(com.typesafe.sbt.jse.SbtJsTask),Set(Atom(com.typesafe.sbt.mocha.SbtMocha)))))
  :: deduced result: Matched(sbt.plugins.CorePlugin,play.PlayJava,sbt.plugins.InteractionServicePlugin,sbt.plugins.SendEventServicePlugin,play.Play,sbt.plugins.SerializersPlugin,sbt.plugins.IvyPlugin,sbt.plugins.JvmPlugin,com.typesafe.sbt.jse.SbtJsTask,play.twirl.sbt.SbtTwirl,com.typesafe.sbt.webdriver.SbtWebDriver,com.typesafe.sbt.jshint.SbtJSHint,sbt.plugins.JUnitXmlReportPlugin,com.typesafe.sbt.mocha.SbtMocha,com.typesafe.sbt.less.SbtLess,com.typesafe.sbt.web.SbtWeb,com.typesafe.sbt.rjs.SbtRjs,com.typesafe.sbt.jse.SbtJsEngine,com.typesafe.sbt.coffeescript.SbtCoffeeScript,sbt.plugins.BackgroundRunPlugin,com.typesafe.sbt.digest.SbtDigest,play.sbt.forkrun.PlayForkRun)
sorting: ns: List(sbt.plugins.CorePlugin, play.PlayJava, sbt.plugins.InteractionServicePlugin, sbt.plugins.SendEventServicePlugin, play.Play, sbt.plugins.SerializersPlugin, sbt.plugins.IvyPlugin, sbt.plugins.JvmPlugin, com.typesafe.sbt.jse.SbtJsTask, play.twirl.sbt.SbtTwirl, com.typesafe.sbt.webdriver.SbtWebDriver, com.typesafe.sbt.jshint.SbtJSHint, sbt.plugins.JUnitXmlReportPlugin, com.typesafe.sbt.mocha.SbtMocha, com.typesafe.sbt.less.SbtLess, com.typesafe.sbt.web.SbtWeb, com.typesafe.sbt.rjs.SbtRjs, com.typesafe.sbt.jse.SbtJsEngine, com.typesafe.sbt.coffeescript.SbtCoffeeScript, sbt.plugins.BackgroundRunPlugin, com.typesafe.sbt.digest.SbtDigest, play.sbt.forkrun.PlayForkRun)
  :: sorting:: found: List(sbt.plugins.CorePlugin, com.typesafe.sbt.web.SbtWeb) not found List(play.PlayJava, sbt.plugins.InteractionServicePlugin, sbt.plugins.SendEventServicePlugin, play.Play, sbt.plugins.SerializersPlugin, sbt.plugins.IvyPlugin, sbt.plugins.JvmPlugin, com.typesafe.sbt.jse.SbtJsTask, play.twirl.sbt.SbtTwirl, com.typesafe.sbt.webdriver.SbtWebDriver, com.typesafe.sbt.jshint.SbtJSHint, sbt.plugins.JUnitXmlReportPlugin, com.typesafe.sbt.mocha.SbtMocha, com.typesafe.sbt.less.SbtLess, com.typesafe.sbt.rjs.SbtRjs, com.typesafe.sbt.jse.SbtJsEngine, com.typesafe.sbt.coffeescript.SbtCoffeeScript, sbt.plugins.BackgroundRunPlugin, com.typesafe.sbt.digest.SbtDigest, play.sbt.forkrun.PlayForkRun)
  :: sorting:: found: List(sbt.plugins.CorePlugin, com.typesafe.sbt.web.SbtWeb, sbt.plugins.InteractionServicePlugin, sbt.plugins.SendEventServicePlugin, sbt.plugins.SerializersPlugin, sbt.plugins.IvyPlugin, com.typesafe.sbt.webdriver.SbtWebDriver, com.typesafe.sbt.jse.SbtJsEngine, com.typesafe.sbt.digest.SbtDigest) not found List(play.PlayJava, play.Play, sbt.plugins.JvmPlugin, com.typesafe.sbt.jse.SbtJsTask, play.twirl.sbt.SbtTwirl, com.typesafe.sbt.jshint.SbtJSHint, sbt.plugins.JUnitXmlReportPlugin, com.typesafe.sbt.mocha.SbtMocha, com.typesafe.sbt.less.SbtLess, com.typesafe.sbt.rjs.SbtRjs, com.typesafe.sbt.coffeescript.SbtCoffeeScript, sbt.plugins.BackgroundRunPlugin, play.sbt.forkrun.PlayForkRun)
  :: sorting:: found: List(sbt.plugins.CorePlugin, com.typesafe.sbt.web.SbtWeb, sbt.plugins.InteractionServicePlugin, sbt.plugins.SendEventServicePlugin, sbt.plugins.SerializersPlugin, sbt.plugins.IvyPlugin, com.typesafe.sbt.webdriver.SbtWebDriver, com.typesafe.sbt.jse.SbtJsEngine, com.typesafe.sbt.digest.SbtDigest, sbt.plugins.JvmPlugin, com.typesafe.sbt.jse.SbtJsTask) not found List(play.PlayJava, play.Play, play.twirl.sbt.SbtTwirl, com.typesafe.sbt.jshint.SbtJSHint, sbt.plugins.JUnitXmlReportPlugin, com.typesafe.sbt.mocha.SbtMocha, com.typesafe.sbt.less.SbtLess, com.typesafe.sbt.rjs.SbtRjs, com.typesafe.sbt.coffeescript.SbtCoffeeScript, sbt.plugins.BackgroundRunPlugin, play.sbt.forkrun.PlayForkRun)
  :: sorting:: found: List(sbt.plugins.CorePlugin, com.typesafe.sbt.web.SbtWeb, sbt.plugins.InteractionServicePlugin, sbt.plugins.SendEventServicePlugin, sbt.plugins.SerializersPlugin, sbt.plugins.IvyPlugin, com.typesafe.sbt.webdriver.SbtWebDriver, com.typesafe.sbt.jse.SbtJsEngine, com.typesafe.sbt.digest.SbtDigest, sbt.plugins.JvmPlugin, com.typesafe.sbt.jse.SbtJsTask, play.twirl.sbt.SbtTwirl, com.typesafe.sbt.jshint.SbtJSHint, sbt.plugins.JUnitXmlReportPlugin, com.typesafe.sbt.mocha.SbtMocha, com.typesafe.sbt.less.SbtLess, com.typesafe.sbt.rjs.SbtRjs, com.typesafe.sbt.coffeescript.SbtCoffeeScript, sbt.plugins.BackgroundRunPlugin) not found List(play.PlayJava, play.Play, play.sbt.forkrun.PlayForkRun)
  :: sorting:: found: List(sbt.plugins.CorePlugin, com.typesafe.sbt.web.SbtWeb, sbt.plugins.InteractionServicePlugin, sbt.plugins.SendEventServicePlugin, sbt.plugins.SerializersPlugin, sbt.plugins.IvyPlugin, com.typesafe.sbt.webdriver.SbtWebDriver, com.typesafe.sbt.jse.SbtJsEngine, com.typesafe.sbt.digest.SbtDigest, sbt.plugins.JvmPlugin, com.typesafe.sbt.jse.SbtJsTask, play.twirl.sbt.SbtTwirl, com.typesafe.sbt.jshint.SbtJSHint, sbt.plugins.JUnitXmlReportPlugin, com.typesafe.sbt.mocha.SbtMocha, com.typesafe.sbt.less.SbtLess, com.typesafe.sbt.rjs.SbtRjs, com.typesafe.sbt.coffeescript.SbtCoffeeScript, sbt.plugins.BackgroundRunPlugin, play.Play) not found List(play.PlayJava, play.sbt.forkrun.PlayForkRun)
  :: sorting:: found: List(sbt.plugins.CorePlugin, com.typesafe.sbt.web.SbtWeb, sbt.plugins.InteractionServicePlugin, sbt.plugins.SendEventServicePlugin, sbt.plugins.SerializersPlugin, sbt.plugins.IvyPlugin, com.typesafe.sbt.webdriver.SbtWebDriver, com.typesafe.sbt.jse.SbtJsEngine, com.typesafe.sbt.digest.SbtDigest, sbt.plugins.JvmPlugin, com.typesafe.sbt.jse.SbtJsTask, play.twirl.sbt.SbtTwirl, com.typesafe.sbt.jshint.SbtJSHint, sbt.plugins.JUnitXmlReportPlugin, com.typesafe.sbt.mocha.SbtMocha, com.typesafe.sbt.less.SbtLess, com.typesafe.sbt.rjs.SbtRjs, com.typesafe.sbt.coffeescript.SbtCoffeeScript, sbt.plugins.BackgroundRunPlugin, play.Play, play.PlayJava, play.sbt.forkrun.PlayForkRun) not found List()
  :: sorted deduced result: List(sbt.plugins.CorePlugin, com.typesafe.sbt.web.SbtWeb, sbt.plugins.InteractionServicePlugin, sbt.plugins.SendEventServicePlugin, sbt.plugins.SerializersPlugin, sbt.plugins.IvyPlugin, com.typesafe.sbt.webdriver.SbtWebDriver, com.typesafe.sbt.jse.SbtJsEngine, com.typesafe.sbt.digest.SbtDigest, sbt.plugins.JvmPlugin, com.typesafe.sbt.jse.SbtJsTask, play.twirl.sbt.SbtTwirl, com.typesafe.sbt.jshint.SbtJSHint, sbt.plugins.JUnitXmlReportPlugin, com.typesafe.sbt.mocha.SbtMocha, com.typesafe.sbt.less.SbtLess, com.typesafe.sbt.rjs.SbtRjs, com.typesafe.sbt.coffeescript.SbtCoffeeScript, sbt.plugins.BackgroundRunPlugin, play.Play, play.PlayJava, play.sbt.forkrun.PlayForkRun)
[Loading] Done in /Users/raulhc/Documents/Github/Trivial3a/Trivial3aPlay, returning: (root)
Set current project to Trivial3aPlay (in build file:/Users/raulhc/Documents/Github/Trivial3a/Trivial3aPlay/)
Reapplying settings...
Set current project to Trivial3aPlay (in build file:/Users/raulhc/Documents/Github/Trivial3a/Trivial3aPlay/)
> iflast shell
> server-send-ready-for-request
> server-handle-next-server-request
> compile
Evaluating tasks: compile:compile
Running task... Cancel: sbt.server.ServerTaskCancellation@1bfcfde3, check cycles: false

Initial source changes: 
	removed:Set()
	added: Set()
	modified: Set(/Users/raulhc/Documents/Github/Trivial3a/Trivial3aPlay/app/persistencia/impl/GetUsuarios.java, /Users/raulhc/Documents/Github/Trivial3a/Trivial3aPlay/app/controllers/Application.java, /Users/raulhc/Documents/Github/Trivial3a/Trivial3aPlay/target/scala-2.11/src_managed/main/routes_routing.scala, /Users/raulhc/Documents/Github/Trivial3a/Trivial3aPlay/target/scala-2.11/twirl/main/views/html/menu_admin.template.scala, /Users/raulhc/Documents/Github/Trivial3a/Trivial3aPlay/target/scala-2.11/src_managed/main/controllers/routes.java, /Users/raulhc/Documents/Github/Trivial3a/Trivial3aPlay/target/scala-2.11/src_managed/main/routes_reverseRouting.scala)
Removed products: Set()
External API changes: API Changes: Set()
Modified binary dependencies: Set()
Initial directly invalidated sources: Set(/Users/raulhc/Documents/Github/Trivial3a/Trivial3aPlay/app/persistencia/impl/GetUsuarios.java, /Users/raulhc/Documents/Github/Trivial3a/Trivial3aPlay/app/controllers/Application.java, /Users/raulhc/Documents/Github/Trivial3a/Trivial3aPlay/target/scala-2.11/src_managed/main/routes_routing.scala, /Users/raulhc/Documents/Github/Trivial3a/Trivial3aPlay/target/scala-2.11/twirl/main/views/html/menu_admin.template.scala, /Users/raulhc/Documents/Github/Trivial3a/Trivial3aPlay/target/scala-2.11/src_managed/main/controllers/routes.java, /Users/raulhc/Documents/Github/Trivial3a/Trivial3aPlay/target/scala-2.11/src_managed/main/routes_reverseRouting.scala)

Sources indirectly invalidated by:
	product: Set()
	binary dep: Set()
	external source: Set()
All initially invalidated sources: Set(/Users/raulhc/Documents/Github/Trivial3a/Trivial3aPlay/app/persistencia/impl/GetUsuarios.java, /Users/raulhc/Documents/Github/Trivial3a/Trivial3aPlay/app/controllers/Application.java, /Users/raulhc/Documents/Github/Trivial3a/Trivial3aPlay/target/scala-2.11/src_managed/main/routes_routing.scala, /Users/raulhc/Documents/Github/Trivial3a/Trivial3aPlay/target/scala-2.11/twirl/main/views/html/menu_admin.template.scala, /Users/raulhc/Documents/Github/Trivial3a/Trivial3aPlay/target/scala-2.11/src_managed/main/controllers/routes.java, /Users/raulhc/Documents/Github/Trivial3a/Trivial3aPlay/target/scala-2.11/src_managed/main/routes_reverseRouting.scala)

Read from stdout: Compiling 3 Scala sources and 3 Java sources to /Users/raulhc/Documents/Github/Trivial3a/Trivial3aPlay/target/scala-2.11/classes...
Compiling 3 Scala sources and 3 Java sources to /Users/raulhc/Documents/Github/Trivial3a/Trivial3aPlay/target/scala-2.11/classes...
Getting compiler-interface from component compiler for Scala 2.11.1
Other repositories:
Default repositories:
Getting compiler-interface from component compiler for Scala 2.11.1
Other repositories:
Default repositories:
Running cached compiler 72072b46, interfacing (CompilerInterface) with Scala compiler version 2.11.1
Calling Scala compiler with arguments  (CompilerInterface):
	-deprecation
	-unchecked
	-encoding
	utf8
	-bootclasspath
	/Library/Java/JavaVirtualMachines/jdk1.8.0_31.jdk/Contents/Home/jre/lib/resources.jar:/Library/Java/JavaVirtualMachines/jdk1.8.0_31.jdk/Contents/Home/jre/lib/rt.jar:/Library/Java/JavaVirtualMachines/jdk1.8.0_31.jdk/Contents/Home/jre/lib/sunrsasign.jar:/Library/Java/JavaVirtualMachines/jdk1.8.0_31.jdk/Contents/Home/jre/lib/jsse.jar:/Library/Java/JavaVirtualMachines/jdk1.8.0_31.jdk/Contents/Home/jre/lib/jce.jar:/Library/Java/JavaVirtualMachines/jdk1.8.0_31.jdk/Contents/Home/jre/lib/charsets.jar:/Library/Java/JavaVirtualMachines/jdk1.8.0_31.jdk/Contents/Home/jre/lib/jfr.jar:/Library/Java/JavaVirtualMachines/jdk1.8.0_31.jdk/Contents/Home/jre/classes:/Users/raulhc/Downloads/activator-1.3.2/repository/org.scala-lang/scala-library/2.11.1/jars/scala-library.jar
	-classpath
	/Users/raulhc/Documents/Github/Trivial3a/Trivial3aPlay/target/scala-2.11/classes:/Users/raulhc/.ivy2/cache/com.typesafe.play/twirl-api_2.11/jars/twirl-api_2.11-1.0.2.jar:/Users/raulhc/.ivy2/cache/org.apache.commons/commons-lang3/jars/commons-lang3-3.1.jar:/Users/raulhc/.ivy2/cache/org.scala-lang.modules/scala-xml_2.11/bundles/scala-xml_2.11-1.0.1.jar:/Users/raulhc/.ivy2/cache/com.typesafe.play/play_2.11/jars/play_2.11-2.3.8.jar:/Users/raulhc/.ivy2/cache/com.typesafe.play/build-link/jars/build-link-2.3.8.jar:/Users/raulhc/.ivy2/cache/com.typesafe.play/play-exceptions/jars/play-exceptions-2.3.8.jar:/Users/raulhc/.ivy2/cache/com.typesafe.play/play-iteratees_2.11/jars/play-iteratees_2.11-2.3.8.jar:/Users/raulhc/.ivy2/cache/org.scala-stm/scala-stm_2.11/jars/scala-stm_2.11-0.7.jar:/Users/raulhc/.ivy2/cache/com.typesafe/config/bundles/config-1.2.1.jar:/Users/raulhc/.ivy2/cache/com.typesafe.play/play-json_2.11/jars/play-json_2.11-2.3.8.jar:/Users/raulhc/.ivy2/cache/com.typesafe.play/play-functional_2.11/jars/play-functional_2.11-2.3.8.jar:/Users/raulhc/.ivy2/cache/com.typesafe.play/play-datacommons_2.11/jars/play-datacommons_2.11-2.3.8.jar:/Users/raulhc/.ivy2/cache/joda-time/joda-time/jars/joda-time-2.3.jar:/Users/raulhc/.ivy2/cache/org.joda/joda-convert/jars/joda-convert-1.6.jar:/Users/raulhc/.ivy2/cache/com.fasterxml.jackson.core/jackson-annotations/bundles/jackson-annotations-2.3.2.jar:/Users/raulhc/.ivy2/cache/com.fasterxml.jackson.core/jackson-core/bundles/jackson-core-2.3.2.jar:/Users/raulhc/.ivy2/cache/com.fasterxml.jackson.core/jackson-databind/bundles/jackson-databind-2.3.2.jar:/Users/raulhc/Downloads/activator-1.3.2/repository/org.scala-lang/scala-reflect/2.11.1/jars/scala-reflect.jar:/Users/raulhc/.ivy2/cache/org.scala-lang.modules/scala-parser-combinators_2.11/bundles/scala-parser-combinators_2.11-1.0.1.jar:/Users/raulhc/.ivy2/cache/io.netty/netty/bundles/netty-3.9.3.Final.jar:/Users/raulhc/.ivy2/cache/com.typesafe.netty/netty-http-pipelining/jars/netty-http-pipelining-1.1.2.jar:/Users/raulhc/.ivy2/cache/org.slf4j/slf4j-api/jars/slf4j-api-1.7.6.jar:/Users/raulhc/.ivy2/cache/org.slf4j/jul-to-slf4j/jars/jul-to-slf4j-1.7.6.jar:/Users/raulhc/.ivy2/cache/org.slf4j/jcl-over-slf4j/jars/jcl-over-slf4j-1.7.6.jar:/Users/raulhc/.ivy2/cache/ch.qos.logback/logback-core/jars/logback-core-1.1.1.jar:/Users/raulhc/.ivy2/cache/ch.qos.logback/logback-classic/jars/logback-classic-1.1.1.jar:/Users/raulhc/Downloads/activator-1.3.2/repository/com.typesafe.akka/akka-actor_2.11/2.3.4/jars/akka-actor_2.11.jar:/Users/raulhc/Downloads/activator-1.3.2/repository/com.typesafe.akka/akka-slf4j_2.11/2.3.4/jars/akka-slf4j_2.11.jar:/Users/raulhc/.ivy2/cache/commons-codec/commons-codec/jars/commons-codec-1.9.jar:/Users/raulhc/.ivy2/cache/xerces/xercesImpl/jars/xercesImpl-2.11.0.jar:/Users/raulhc/.ivy2/cache/xml-apis/xml-apis/jars/xml-apis-1.4.01.jar:/Users/raulhc/.ivy2/cache/javax.transaction/jta/jars/jta-1.1.jar:/Users/raulhc/Downloads/activator-1.3.2/repository/com.typesafe.play/play-java_2.11/2.3.8/jars/play-java_2.11.jar:/Users/raulhc/Downloads/activator-1.3.2/repository/org.yaml/snakeyaml/1.13/bundles/snakeyaml.jar:/Users/raulhc/Downloads/activator-1.3.2/repository/org.hibernate/hibernate-validator/5.0.3.Final/jars/hibernate-validator.jar:/Users/raulhc/Downloads/activator-1.3.2/repository/javax.validation/validation-api/1.1.0.Final/jars/validation-api.jar:/Users/raulhc/Downloads/activator-1.3.2/repository/com.fasterxml/classmate/1.0.0/bundles/classmate.jar:/Users/raulhc/Downloads/activator-1.3.2/repository/org.jboss.logging/jboss-logging/3.2.0.Final/jars/jboss-logging.jar:/Users/raulhc/Downloads/activator-1.3.2/repository/org.springframework/spring-context/4.0.3.RELEASE/jars/spring-context.jar:/Users/raulhc/Downloads/activator-1.3.2/repository/org.springframework/spring-core/4.0.3.RELEASE/jars/spring-core.jar:/Users/raulhc/Downloads/activator-1.3.2/repository/org.springframework/spring-beans/4.0.3.RELEASE/jars/spring-beans.jar:/Users/raulhc/Downloads/activator-1.3.2/repository/org.javassist/javassist/3.19.0-GA/bundles/javassist.jar:/Users/raulhc/Downloads/activator-1.3.2/repository/org.reflections/reflections/0.9.8/jars/reflections.jar:/Users/raulhc/.ivy2/cache/com.google.guava/guava/bundles/guava-16.0.1.jar:/Users/raulhc/Downloads/activator-1.3.2/repository/dom4j/dom4j/1.6.1/jars/dom4j.jar:/Users/raulhc/Downloads/activator-1.3.2/repository/com.google.code.findbugs/jsr305/2.0.3/jars/jsr305.jar:/Users/raulhc/Downloads/activator-1.3.2/repository/org.apache.tomcat/tomcat-servlet-api/8.0.5/jars/tomcat-servlet-api.jar:/Users/raulhc/Downloads/activator-1.3.2/repository/com.typesafe.play/play-java-jdbc_2.11/2.3.8/jars/play-java-jdbc_2.11.jar:/Users/raulhc/Downloads/activator-1.3.2/repository/com.typesafe.play/play-jdbc_2.11/2.3.8/jars/play-jdbc_2.11.jar:/Users/raulhc/Downloads/activator-1.3.2/repository/com.jolbox/bonecp/0.8.0.RELEASE/bundles/bonecp.jar:/Users/raulhc/Downloads/activator-1.3.2/repository/com.h2database/h2/1.3.175/jars/h2.jar:/Users/raulhc/Downloads/activator-1.3.2/repository/tyrex/tyrex/1.0.1/jars/tyrex.jar:/Users/raulhc/Downloads/activator-1.3.2/repository/com.typesafe.play/play-java-ebean_2.11/2.3.8/jars/play-java-ebean_2.11.jar:/Users/raulhc/Downloads/activator-1.3.2/repository/org.avaje.ebeanorm/avaje-ebeanorm/3.3.4/jars/avaje-ebeanorm.jar:/Users/raulhc/Downloads/activator-1.3.2/repository/org.avaje.ebeanorm/avaje-ebeanorm-agent/3.2.2/jars/avaje-ebeanorm-agent.jar:/Users/raulhc/Downloads/activator-1.3.2/repository/org.hibernate.javax.persistence/hibernate-jpa-2.0-api/1.0.1.Final/jars/hibernate-jpa-2.0-api.jar:/Users/raulhc/Downloads/activator-1.3.2/repository/com.typesafe.play/play-cache_2.11/2.3.8/jars/play-cache_2.11.jar:/Users/raulhc/Downloads/activator-1.3.2/repository/net.sf.ehcache/ehcache-core/2.6.8/jars/ehcache-core.jar:/Users/raulhc/Downloads/activator-1.3.2/repository/com.typesafe.play/play-java-ws_2.11/2.3.8/jars/play-java-ws_2.11.jar:/Users/raulhc/.ivy2/cache/com.typesafe.play/play-ws_2.11/jars/play-ws_2.11-2.3.8.jar:/Users/raulhc/.ivy2/cache/com.ning/async-http-client/jars/async-http-client-1.8.15.jar:/Users/raulhc/.ivy2/cache/oauth.signpost/signpost-core/jars/signpost-core-1.2.1.2.jar:/Users/raulhc/.ivy2/cache/oauth.signpost/signpost-commonshttp4/jars/signpost-commonshttp4-1.2.1.2.jar:/Users/raulhc/Downloads/activator-1.3.2/repository/org.apache.httpcomponents/httpcore/4.0.1/jars/httpcore.jar:/Users/raulhc/Downloads/activator-1.3.2/repository/org.apache.httpcomponents/httpclient/4.0.1/jars/httpclient.jar:/Users/raulhc/.ivy2/cache/commons-logging/commons-logging/jars/commons-logging-1.1.1.jar:/Users/raulhc/.ivy2/cache/org.mongodb/mongo-java-driver/jars/mongo-java-driver-2.13.0.jar:/Users/raulhc/.ivy2/cache/org.jdom/jdom2/jars/jdom2-2.0.6.jar:/Users/raulhc/.ivy2/cache/com.google.code.gson/gson/jars/gson-2.3.1.jar:/Users/raulhc/.ivy2/cache/net.vz.mongodb.jackson/play-mongo-jackson-mapper_2.10/jars/play-mongo-jackson-mapper_2.10-1.1.0.jar:/Users/raulhc/.ivy2/cache/net.vz.mongodb.jackson/mongo-jackson-mapper/jars/mongo-jackson-mapper-1.4.1.jar:/Users/raulhc/.ivy2/cache/org.codehaus.jackson/jackson-mapper-asl/jars/jackson-mapper-asl-1.9.5.jar:/Users/raulhc/.ivy2/cache/org.codehaus.jackson/jackson-core-asl/jars/jackson-core-asl-1.9.5.jar:/Users/raulhc/.ivy2/cache/de.undercouch/bson4jackson/jars/bson4jackson-1.3.0.jar:/Users/raulhc/.ivy2/cache/javax.persistence/persistence-api/jars/persistence-api-1.0.2.jar
Scala compilation took 13.687593737 s
Attempting to call com.sun.tools.javac.api.JavacTool@56331205 directly...
Java compilation took 2.118610334 s
Java analysis took 0.340965388 s
Java compile + analysis took 2.474182257 s
Invalidating /Users/raulhc/Documents/Github/Trivial3a/Trivial3aPlay/app/persistencia/impl/GetUsuarios.java...
Invalidating (transitively) by inheritance from /Users/raulhc/Documents/Github/Trivial3a/Trivial3aPlay/app/persistencia/impl/GetUsuarios.java...
Initial set of included nodes: Set(/Users/raulhc/Documents/Github/Trivial3a/Trivial3aPlay/app/persistencia/impl/GetUsuarios.java)
Invalidated by transitive inheritance dependency: Set(/Users/raulhc/Documents/Github/Trivial3a/Trivial3aPlay/app/persistencia/impl/GetUsuarios.java)
The /Users/raulhc/Documents/Github/Trivial3a/Trivial3aPlay/app/persistencia/impl/GetUsuarios.java source file has the following regular definitions changed:
	r.
All member reference dependencies will be considered within this context.
Name hashing optimization doesn't apply to non-Scala dependency: /Users/raulhc/Documents/Github/Trivial3a/Trivial3aPlay/app/controllers/Application.java
Name hashing optimization doesn't apply to non-Scala dependency: /Users/raulhc/Documents/Github/Trivial3a/Trivial3aPlay/app/persistencia/impl/GetUsuarios.java
New invalidations:
	Set(/Users/raulhc/Documents/Github/Trivial3a/Trivial3aPlay/app/controllers/Application.java)
Initial set of included nodes: Set(/Users/raulhc/Documents/Github/Trivial3a/Trivial3aPlay/app/controllers/Application.java)
Including /Users/raulhc/Documents/Github/Trivial3a/Trivial3aPlay/target/scala-2.11/src_managed/main/routes_reverseRouting.scala by /Users/raulhc/Documents/Github/Trivial3a/Trivial3aPlay/app/controllers/Application.java
Including /Users/raulhc/Documents/Github/Trivial3a/Trivial3aPlay/target/scala-2.11/twirl/main/views/html/main.template.scala by /Users/raulhc/Documents/Github/Trivial3a/Trivial3aPlay/target/scala-2.11/src_managed/main/routes_reverseRouting.scala
Including /Users/raulhc/Documents/Github/Trivial3a/Trivial3aPlay/target/scala-2.11/twirl/main/views/html/selectBoard.template.scala by /Users/raulhc/Documents/Github/Trivial3a/Trivial3aPlay/target/scala-2.11/twirl/main/views/html/main.template.scala
Including /Users/raulhc/Documents/Github/Trivial3a/Trivial3aPlay/target/scala-2.11/twirl/main/views/html/_index.template.scala by /Users/raulhc/Documents/Github/Trivial3a/Trivial3aPlay/target/scala-2.11/twirl/main/views/html/main.template.scala
Including /Users/raulhc/Documents/Github/Trivial3a/Trivial3aPlay/target/scala-2.11/twirl/main/views/html/game.template.scala by /Users/raulhc/Documents/Github/Trivial3a/Trivial3aPlay/target/scala-2.11/twirl/main/views/html/main.template.scala
Including /Users/raulhc/Documents/Github/Trivial3a/Trivial3aPlay/target/scala-2.11/twirl/main/views/html/menu.template.scala by /Users/raulhc/Documents/Github/Trivial3a/Trivial3aPlay/target/scala-2.11/twirl/main/views/html/main.template.scala
Including /Users/raulhc/Documents/Github/Trivial3a/Trivial3aPlay/target/scala-2.11/twirl/main/views/html/_main.template.scala by /Users/raulhc/Documents/Github/Trivial3a/Trivial3aPlay/target/scala-2.11/src_managed/main/routes_reverseRouting.scala
Including /Users/raulhc/Documents/Github/Trivial3a/Trivial3aPlay/target/scala-2.11/twirl/main/views/html/index.template.scala by /Users/raulhc/Documents/Github/Trivial3a/Trivial3aPlay/target/scala-2.11/src_managed/main/routes_reverseRouting.scala
Including /Users/raulhc/Documents/Github/Trivial3a/Trivial3aPlay/target/scala-2.11/twirl/main/views/html/menu_admin.template.scala by /Users/raulhc/Documents/Github/Trivial3a/Trivial3aPlay/target/scala-2.11/src_managed/main/routes_reverseRouting.scala
Including /Users/raulhc/Documents/Github/Trivial3a/Trivial3aPlay/target/scala-2.11/src_managed/main/controllers/routes.java by /Users/raulhc/Documents/Github/Trivial3a/Trivial3aPlay/target/scala-2.11/src_managed/main/routes_reverseRouting.scala
Including /Users/raulhc/Documents/Github/Trivial3a/Trivial3aPlay/target/scala-2.11/src_managed/main/routes_routing.scala by /Users/raulhc/Documents/Github/Trivial3a/Trivial3aPlay/app/controllers/Application.java
Previously invalidated, but (transitively) depend on new invalidations:
	Set()
All newly invalidated sources after taking into account (previously) recompiled sources:Set()
Total time: 22 s, completed 05-may-2015 11:52:33
> server-post-command-cleanup
> server-handle-next-server-request
> {file:/Users/raulhc/Documents/Github/Trivial3a/Trivial3aPlay/}root/compile:discoveredMainClasses
Evaluating tasks: compile:discoveredMainClasses
Running task... Cancel: sbt.server.ServerTaskCancellation@72659948, check cycles: false

Initial source changes: 
	removed:Set()
	added: Set()
	modified: Set()
Removed products: Set()
External API changes: API Changes: Set()
Modified binary dependencies: Set()
Initial directly invalidated sources: Set()

Sources indirectly invalidated by:
	product: Set()
	binary dep: Set()
	external source: Set()
All initially invalidated sources: Set()

Total time: 1 s, completed 05-may-2015 11:52:35
> server-post-command-cleanup
> server-handle-next-server-request
> {file:/Users/raulhc/Documents/Github/Trivial3a/Trivial3aPlay/}root/compile:mainClass
Evaluating tasks: compile:mainClass
Running task... Cancel: sbt.server.ServerTaskCancellation@409bc18d, check cycles: false
Total time: 0 s, completed 05-may-2015 11:52:35
> server-post-command-cleanup
> server-handle-next-server-request
> backgroundRun
Evaluating tasks: compile:backgroundRun
Running task... Cancel: sbt.server.ServerTaskCancellation@2559811b, check cycles: false
Total time: 1 s, completed 05-may-2015 11:58:54
> server-post-command-cleanup
> server-handle-next-server-request
> {file:/Users/raulhc/Documents/Github/Trivial3a/Trivial3aPlay/}root/*:playForkConfig
Evaluating tasks: *:playForkConfig
Running task... Cancel: sbt.server.ServerTaskCancellation@2aa8b20d, check cycles: false
Total time: 1 s, completed 05-may-2015 11:59:01
> server-post-command-cleanup
> server-handle-next-server-request
> root/playForkNotifyStart http://localhost:9000
Evaluating tasks: *:playForkNotifyStart
Running task... Cancel: sbt.server.ServerTaskCancellation@3e2cb136, check cycles: false
Total time: 0 s, completed 05-may-2015 11:59:02
> server-post-command-cleanup
> server-handle-next-server-request
> {file:/Users/raulhc/Documents/Github/Trivial3a/Trivial3aPlay/}root/*:playForkReload
Evaluating tasks: *:playForkReload
Running task... Cancel: sbt.server.ServerTaskCancellation@193ce681, check cycles: false

Initial source changes: 
	removed:Set()
	added: Set()
	modified: Set()
Removed products: Set()
External API changes: API Changes: Set()
Modified binary dependencies: Set()
Initial directly invalidated sources: Set()

Sources indirectly invalidated by:
	product: Set()
	binary dep: Set()
	external source: Set()
All initially invalidated sources: Set()

Copy resource mappings: 
	(/Users/raulhc/Documents/Github/Trivial3a/Trivial3aPlay/conf/application.conf,/Users/raulhc/Documents/Github/Trivial3a/Trivial3aPlay/target/scala-2.11/classes/application.conf)
	(/Users/raulhc/Documents/Github/Trivial3a/Trivial3aPlay/conf/circular.txt,/Users/raulhc/Documents/Github/Trivial3a/Trivial3aPlay/target/scala-2.11/classes/circular.txt)
	(/Users/raulhc/Documents/Github/Trivial3a/Trivial3aPlay/conf/routes,/Users/raulhc/Documents/Github/Trivial3a/Trivial3aPlay/target/scala-2.11/classes/routes)
	(/Users/raulhc/Documents/Github/Trivial3a/Trivial3aPlay/conf/tablero.txt,/Users/raulhc/Documents/Github/Trivial3a/Trivial3aPlay/target/scala-2.11/classes/tablero.txt)
Total time: 2 s, completed 05-may-2015 11:59:42
> server-post-command-cleanup
> server-handle-next-server-request
