New log file opened at Tue May 05 11:51:57 CEST 2015 by 8327@RaulHC.local
Sending msg to client activator-51975fad-bc80-4ebf-a51a-f78d14a1075f: DetachedLogEvent(LogMessage(debug,sbt server socket logs are in: /Users/raulhc/Documents/Github/Trivial3a/Trivial3aPlay/.sbtserver/connections/master.log))
Sending msg to client activator-51975fad-bc80-4ebf-a51a-f78d14a1075f: DetachedLogEvent(LogMessage(debug,sbt client logs are in: /Users/raulhc/Documents/Github/Trivial3a/Trivial3aPlay/.sbtserver/connections/activator-51975fad-bc80-4ebf-a51a-f78d14a1075f.log))
Sending msg to client activator-51975fad-bc80-4ebf-a51a-f78d14a1075f: DetachedLogEvent(LogMessage(debug,sbt general server logs are in: /Users/raulhc/Documents/Github/Trivial3a/Trivial3aPlay/.sbtserver/master.log))
Reading next message from client.
Got request: ListenToEvents()
Reading next message from client.
Sending msg to client activator-51975fad-bc80-4ebf-a51a-f78d14a1075f: DetachedLogEvent(LogMessage(debug,> --initialize))
Sending msg to client activator-51975fad-bc80-4ebf-a51a-f78d14a1075f: DetachedLogEvent(LogMessage(debug,> initialize))
Sending msg to client activator-51975fad-bc80-4ebf-a51a-f78d14a1075f: DetachedLogEvent(LogMessage(debug,> onFailure load-failed))
Sending msg to client activator-51975fad-bc80-4ebf-a51a-f78d14a1075f: DetachedLogEvent(LogMessage(debug,> boot))
Sending msg to client activator-51975fad-bc80-4ebf-a51a-f78d14a1075f: DetachedLogEvent(LogMessage(debug,> reload))
Got request: ListenToBuildChange()
Reading next message from client.
Got request: SendSyntheticBuildChanged()
Reading next message from client.
Sending msg to client activator-51975fad-bc80-4ebf-a51a-f78d14a1075f: (3,ReceivedResponse())
Got request: KeyLookupRequest(discoveredMainClasses)
Reading next message from client.
Got request: KeyLookupRequest(mainClass)
Reading next message from client.
Got request: KeyLookupRequest(echo:echoTraceSupported)
Reading next message from client.
Got request: KeyLookupRequest(echo:echoPlayVersionReport)
Reading next message from client.
Got request: KeyLookupRequest(echo:echoAkkaVersionReport)
Reading next message from client.
Got request: KeyLookupRequest(echo:echoTracePlayVersion)
Reading next message from client.
Sending msg to client activator-51975fad-bc80-4ebf-a51a-f78d14a1075f: DetachedLogEvent(LogMessage(debug,[Loading] Scanning directory /Users/raulhc/Documents/Github/Trivial3a/Trivial3aPlay/project))
Got request: UnlistenToEvents()
Reading next message from client.
Sending msg to client activator-51975fad-bc80-4ebf-a51a-f78d14a1075f: (12,ReceivedResponse())
Got request: UnlistenToBuildChange()
Reading next message from client.
Client activator-51975fad-bc80-4ebf-a51a-f78d14a1075f EOF, shutting down.
Stopping client.
Dropping message (0,ReceivedResponse()) to dead client activator-51975fad-bc80-4ebf-a51a-f78d14a1075f
Client activator-51975fad-bc80-4ebf-a51a-f78d14a1075f thread exiting.
Dropping message (4,ReceivedResponse()) to dead client activator-51975fad-bc80-4ebf-a51a-f78d14a1075f
Dropping message BuildStructureChanged(MinimalBuildStructure(Vector(file:/Users/raulhc/Documents/Github/Trivial3a/Trivial3aPlay/),Vector(MinimalProjectStructure(ProjectReference(file:/Users/raulhc/Documents/Github/Trivial3a/Trivial3aPlay/,root),Vector(sbt.plugins.CorePlugin, com.typesafe.sbt.web.SbtWeb, sbt.plugins.InteractionServicePlugin, sbt.plugins.SendEventServicePlugin, sbt.plugins.SerializersPlugin, sbt.plugins.IvyPlugin, com.typesafe.sbt.webdriver.SbtWebDriver, com.typesafe.sbt.jse.SbtJsEngine, com.typesafe.sbt.digest.SbtDigest, sbt.plugins.JvmPlugin, com.typesafe.sbt.jse.SbtJsTask, play.twirl.sbt.SbtTwirl, com.typesafe.sbt.jshint.SbtJSHint, sbt.plugins.JUnitXmlReportPlugin, com.typesafe.sbt.mocha.SbtMocha, com.typesafe.sbt.less.SbtLess, com.typesafe.sbt.rjs.SbtRjs, com.typesafe.sbt.coffeescript.SbtCoffeeScript, sbt.plugins.BackgroundRunPlugin, play.Play, play.PlayJava, play.sbt.forkrun.PlayForkRun))))) to dead client activator-51975fad-bc80-4ebf-a51a-f78d14a1075f
Dropping message (6,KeyLookupResponse(discoveredMainClasses,Vector(AttributeKey[scala.collection.Seq[java.lang.String]]("discoveredMainClasses") in Scope(Build: file:/Users/raulhc/Documents/Github/Trivial3a/Trivial3aPlay/, , Project: ProjectReference(file:/Users/raulhc/Documents/Github/Trivial3a/Trivial3aPlay/,root), Config: compile)))) to dead client activator-51975fad-bc80-4ebf-a51a-f78d14a1075f
Dropping message (7,KeyLookupResponse(mainClass,Vector(AttributeKey[scala.Option[java.lang.String]]("mainClass") in Scope(Build: file:/Users/raulhc/Documents/Github/Trivial3a/Trivial3aPlay/, , Project: ProjectReference(file:/Users/raulhc/Documents/Github/Trivial3a/Trivial3aPlay/,root), Config: compile)))) to dead client activator-51975fad-bc80-4ebf-a51a-f78d14a1075f
Dropping message (8,KeyLookupResponse(echo:echoTraceSupported,Vector())) to dead client activator-51975fad-bc80-4ebf-a51a-f78d14a1075f
Dropping message (9,KeyLookupResponse(echo:echoPlayVersionReport,Vector())) to dead client activator-51975fad-bc80-4ebf-a51a-f78d14a1075f
Dropping message (10,KeyLookupResponse(echo:echoAkkaVersionReport,Vector())) to dead client activator-51975fad-bc80-4ebf-a51a-f78d14a1075f
Dropping message (11,KeyLookupResponse(echo:echoTracePlayVersion,Vector())) to dead client activator-51975fad-bc80-4ebf-a51a-f78d14a1075f
Dropping message (13,ReceivedResponse()) to dead client activator-51975fad-bc80-4ebf-a51a-f78d14a1075f
