New log file opened at Tue May 05 11:51:57 CEST 2015 by 8327@RaulHC.local
Sending msg to client activator-5d19d8e4-f0dc-4068-90e1-52ebeec9166f: DetachedLogEvent(LogMessage(debug,sbt server socket logs are in: /Users/raulhc/Documents/Github/Trivial3a/Trivial3aPlay/.sbtserver/connections/master.log))
Sending msg to client activator-5d19d8e4-f0dc-4068-90e1-52ebeec9166f: DetachedLogEvent(LogMessage(debug,sbt client logs are in: /Users/raulhc/Documents/Github/Trivial3a/Trivial3aPlay/.sbtserver/connections/activator-5d19d8e4-f0dc-4068-90e1-52ebeec9166f.log))
Sending msg to client activator-5d19d8e4-f0dc-4068-90e1-52ebeec9166f: DetachedLogEvent(LogMessage(debug,sbt general server logs are in: /Users/raulhc/Documents/Github/Trivial3a/Trivial3aPlay/.sbtserver/master.log))
Reading next message from client.
Got request: ListenToEvents()
Reading next message from client.
Got request: ListenToBuildChange()
Reading next message from client.
Got request: SendSyntheticBuildChanged()
Reading next message from client.
Sending msg to client activator-5d19d8e4-f0dc-4068-90e1-52ebeec9166f: (3,ReceivedResponse())
Got request: KeyLookupRequest(discoveredMainClasses)
Reading next message from client.
Got request: KeyLookupRequest(mainClass)
Reading next message from client.
Got request: KeyLookupRequest(echo:echoTraceSupported)
Reading next message from client.
Got request: KeyLookupRequest(echo:echoPlayVersionReport)
Reading next message from client.
Got request: KeyLookupRequest(echo:echoAkkaVersionReport)
Reading next message from client.
Got request: KeyLookupRequest(echo:echoTracePlayVersion)
Reading next message from client.
Sending msg to client activator-5d19d8e4-f0dc-4068-90e1-52ebeec9166f: DetachedLogEvent(LogMessage(debug,[Loading] Scanning directory /Users/raulhc/Documents/Github/Trivial3a/Trivial3aPlay/project))
Sending msg to client activator-5d19d8e4-f0dc-4068-90e1-52ebeec9166f: DetachedLogEvent(LogMessage(debug,[Loading] Found non-root projects ))
Sending msg to client activator-5d19d8e4-f0dc-4068-90e1-52ebeec9166f: DetachedLogEvent(LogMessage(debug,[Loading] Done in /Users/raulhc/Documents/Github/Trivial3a/Trivial3aPlay/project, returning: ()))
Sending msg to client activator-5d19d8e4-f0dc-4068-90e1-52ebeec9166f: DetachedLogEvent(LogMessage(debug,deducing auto plugins based on known facts Set(Atom(sbt.plugins.CorePlugin)) and clauses Clauses(List(Clause(Atom(sbt.plugins.JvmPlugin),Set(Atom(sbt.plugins.IvyPlugin))), Clause(Atom(sbt.plugins.JUnitXmlReportPlugin),Set(Atom(sbt.plugins.JvmPlugin))), Clause(Atom(sbt.plugins.CorePlugin),Set(Atom(sbt.plugins.IvyPlugin))), Clause(Atom(sbt.plugins.IvyPlugin),Set(Atom(sbt.plugins.JvmPlugin))), Clause(Atom(sbt.plugins.JvmPlugin),Set(Atom(sbt.plugins.JUnitXmlReportPlugin)))))))
Sending msg to client activator-5d19d8e4-f0dc-4068-90e1-52ebeec9166f: DetachedLogEvent(LogMessage(debug,  :: deduced result: Matched(sbt.plugins.CorePlugin,sbt.plugins.IvyPlugin,sbt.plugins.JvmPlugin,sbt.plugins.JUnitXmlReportPlugin)))
Sending msg to client activator-5d19d8e4-f0dc-4068-90e1-52ebeec9166f: DetachedLogEvent(LogMessage(debug,sorting: ns: List(sbt.plugins.CorePlugin, sbt.plugins.IvyPlugin, sbt.plugins.JvmPlugin, sbt.plugins.JUnitXmlReportPlugin)))
Sending msg to client activator-5d19d8e4-f0dc-4068-90e1-52ebeec9166f: DetachedLogEvent(LogMessage(debug,  :: sorting:: found: List(sbt.plugins.CorePlugin) not found List(sbt.plugins.IvyPlugin, sbt.plugins.JvmPlugin, sbt.plugins.JUnitXmlReportPlugin)))
Sending msg to client activator-5d19d8e4-f0dc-4068-90e1-52ebeec9166f: DetachedLogEvent(LogMessage(debug,  :: sorting:: found: List(sbt.plugins.CorePlugin, sbt.plugins.IvyPlugin) not found List(sbt.plugins.JvmPlugin, sbt.plugins.JUnitXmlReportPlugin)))
Sending msg to client activator-5d19d8e4-f0dc-4068-90e1-52ebeec9166f: DetachedLogEvent(LogMessage(debug,  :: sorting:: found: List(sbt.plugins.CorePlugin, sbt.plugins.IvyPlugin, sbt.plugins.JvmPlugin) not found List(sbt.plugins.JUnitXmlReportPlugin)))
Sending msg to client activator-5d19d8e4-f0dc-4068-90e1-52ebeec9166f: DetachedLogEvent(LogMessage(debug,  :: sorting:: found: List(sbt.plugins.CorePlugin, sbt.plugins.IvyPlugin, sbt.plugins.JvmPlugin, sbt.plugins.JUnitXmlReportPlugin) not found List()))
Sending msg to client activator-5d19d8e4-f0dc-4068-90e1-52ebeec9166f: DetachedLogEvent(LogMessage(debug,  :: sorted deduced result: List(sbt.plugins.CorePlugin, sbt.plugins.IvyPlugin, sbt.plugins.JvmPlugin, sbt.plugins.JUnitXmlReportPlugin)))
Sending msg to client activator-5d19d8e4-f0dc-4068-90e1-52ebeec9166f: DetachedLogEvent(LogMessage(debug,[Loading] Done in /Users/raulhc/Documents/Github/Trivial3a/Trivial3aPlay/project, returning: (trivial3aplay-build)))
Sending msg to client activator-5d19d8e4-f0dc-4068-90e1-52ebeec9166f: DetachedLogEvent(LogMessage(info,Loading project definition from /Users/raulhc/Documents/Github/Trivial3a/Trivial3aPlay/project))
Sending msg to client activator-5d19d8e4-f0dc-4068-90e1-52ebeec9166f: DetachedLogEvent(LogMessage(debug,Running task... Cancel: sbt.TaskCancellationStrategy$Null$@2b225e38, check cycles: false))
Got request: UnlistenToEvents()
Reading next message from client.
Sending msg to client activator-5d19d8e4-f0dc-4068-90e1-52ebeec9166f: (12,ReceivedResponse())
Got request: UnlistenToBuildChange()
Reading next message from client.
Client activator-5d19d8e4-f0dc-4068-90e1-52ebeec9166f EOF, shutting down.
Stopping client.
Dropping message (0,ReceivedResponse()) to dead client activator-5d19d8e4-f0dc-4068-90e1-52ebeec9166f
Client activator-5d19d8e4-f0dc-4068-90e1-52ebeec9166f thread exiting.
Dropping message (4,ReceivedResponse()) to dead client activator-5d19d8e4-f0dc-4068-90e1-52ebeec9166f
Dropping message BuildStructureChanged(MinimalBuildStructure(Vector(file:/Users/raulhc/Documents/Github/Trivial3a/Trivial3aPlay/),Vector(MinimalProjectStructure(ProjectReference(file:/Users/raulhc/Documents/Github/Trivial3a/Trivial3aPlay/,root),Vector(sbt.plugins.CorePlugin, com.typesafe.sbt.web.SbtWeb, sbt.plugins.InteractionServicePlugin, sbt.plugins.SendEventServicePlugin, sbt.plugins.SerializersPlugin, sbt.plugins.IvyPlugin, com.typesafe.sbt.webdriver.SbtWebDriver, com.typesafe.sbt.jse.SbtJsEngine, com.typesafe.sbt.digest.SbtDigest, sbt.plugins.JvmPlugin, com.typesafe.sbt.jse.SbtJsTask, play.twirl.sbt.SbtTwirl, com.typesafe.sbt.jshint.SbtJSHint, sbt.plugins.JUnitXmlReportPlugin, com.typesafe.sbt.mocha.SbtMocha, com.typesafe.sbt.less.SbtLess, com.typesafe.sbt.rjs.SbtRjs, com.typesafe.sbt.coffeescript.SbtCoffeeScript, sbt.plugins.BackgroundRunPlugin, play.Play, play.PlayJava, play.sbt.forkrun.PlayForkRun))))) to dead client activator-5d19d8e4-f0dc-4068-90e1-52ebeec9166f
Dropping message (6,KeyLookupResponse(discoveredMainClasses,Vector(AttributeKey[scala.collection.Seq[java.lang.String]]("discoveredMainClasses") in Scope(Build: file:/Users/raulhc/Documents/Github/Trivial3a/Trivial3aPlay/, , Project: ProjectReference(file:/Users/raulhc/Documents/Github/Trivial3a/Trivial3aPlay/,root), Config: compile)))) to dead client activator-5d19d8e4-f0dc-4068-90e1-52ebeec9166f
Dropping message (7,KeyLookupResponse(mainClass,Vector(AttributeKey[scala.Option[java.lang.String]]("mainClass") in Scope(Build: file:/Users/raulhc/Documents/Github/Trivial3a/Trivial3aPlay/, , Project: ProjectReference(file:/Users/raulhc/Documents/Github/Trivial3a/Trivial3aPlay/,root), Config: compile)))) to dead client activator-5d19d8e4-f0dc-4068-90e1-52ebeec9166f
Dropping message (8,KeyLookupResponse(echo:echoTraceSupported,Vector())) to dead client activator-5d19d8e4-f0dc-4068-90e1-52ebeec9166f
Dropping message (9,KeyLookupResponse(echo:echoPlayVersionReport,Vector())) to dead client activator-5d19d8e4-f0dc-4068-90e1-52ebeec9166f
Dropping message (10,KeyLookupResponse(echo:echoAkkaVersionReport,Vector())) to dead client activator-5d19d8e4-f0dc-4068-90e1-52ebeec9166f
Dropping message (11,KeyLookupResponse(echo:echoTracePlayVersion,Vector())) to dead client activator-5d19d8e4-f0dc-4068-90e1-52ebeec9166f
Dropping message (13,ReceivedResponse()) to dead client activator-5d19d8e4-f0dc-4068-90e1-52ebeec9166f
Dropping message BuildStructureChanged(MinimalBuildStructure(Vector(file:/Users/raulhc/Documents/Github/Trivial3a/Trivial3aPlay/),Vector(MinimalProjectStructure(ProjectReference(file:/Users/raulhc/Documents/Github/Trivial3a/Trivial3aPlay/,root),Vector(sbt.plugins.CorePlugin, com.typesafe.sbt.web.SbtWeb, sbt.plugins.InteractionServicePlugin, sbt.plugins.SendEventServicePlugin, sbt.plugins.SerializersPlugin, sbt.plugins.IvyPlugin, com.typesafe.sbt.webdriver.SbtWebDriver, com.typesafe.sbt.jse.SbtJsEngine, com.typesafe.sbt.digest.SbtDigest, sbt.plugins.JvmPlugin, com.typesafe.sbt.jse.SbtJsTask, play.twirl.sbt.SbtTwirl, com.typesafe.sbt.jshint.SbtJSHint, sbt.plugins.JUnitXmlReportPlugin, com.typesafe.sbt.mocha.SbtMocha, com.typesafe.sbt.less.SbtLess, com.typesafe.sbt.rjs.SbtRjs, com.typesafe.sbt.coffeescript.SbtCoffeeScript, sbt.plugins.BackgroundRunPlugin, play.Play, play.PlayJava, play.sbt.forkrun.PlayForkRun))))) to dead client activator-5d19d8e4-f0dc-4068-90e1-52ebeec9166f
