New log file opened at Tue May 05 11:51:51 CEST 2015 by 8327@RaulHC.local
Taking next connection to: 61457
New client attempting to connect on port: 61458-61457
  Address = /192.168.1.100:61457
This client on port 61458 has uuid 51975fad-bc80-4ebf-a51a-f78d14a1075f configName activator humanReadableName Activator protocolVersion 1 featureTags Vector()
Connected Clients: activator-51975fad-bc80-4ebf-a51a-f78d14a1075f
Taking next connection to: 61457
New client attempting to connect on port: 61459-61457
  Address = /192.168.1.100:61457
Handshake exception on socket: 61459
sbt.impl.ipc.HandshakeException: Unable to perform handshake
	at sbt.impl.ipc.Peer.handshake(IPC.scala:46)
	at sbt.impl.ipc.MultiClientServer.<init>(IPC.scala:150)
	at sbt.server.SbtServerSocketHandler$$anon$1.run(SbtServerSocketHandler.scala:43)
Caused by: java.io.EOFException
	at java.io.DataInputStream.readInt(DataInputStream.java:392)
	at sbt.impl.ipc.Peer.receive(IPC.scala:95)
	at sbt.impl.ipc.Peer.handshake(IPC.scala:49)
	... 2 more
Taking next connection to: 61457
New client attempting to connect on port: 61460-61457
  Address = /192.168.1.100:61457
This client on port 61460 has uuid 5d19d8e4-f0dc-4068-90e1-52ebeec9166f configName activator humanReadableName Activator protocolVersion 1 featureTags Vector()
Connected Clients: activator-51975fad-bc80-4ebf-a51a-f78d14a1075f, activator-5d19d8e4-f0dc-4068-90e1-52ebeec9166f
Taking next connection to: 61457
New client attempting to connect on port: 61461-61457
  Address = /192.168.1.100:61457
Handshake exception on socket: 61461
sbt.impl.ipc.HandshakeException: Unable to perform handshake
	at sbt.impl.ipc.Peer.handshake(IPC.scala:46)
	at sbt.impl.ipc.MultiClientServer.<init>(IPC.scala:150)
	at sbt.server.SbtServerSocketHandler$$anon$1.run(SbtServerSocketHandler.scala:43)
Caused by: java.net.SocketException: Connection reset
	at java.net.SocketInputStream.read(SocketInputStream.java:189)
	at java.net.SocketInputStream.read(SocketInputStream.java:121)
	at java.io.BufferedInputStream.fill(BufferedInputStream.java:246)
	at java.io.BufferedInputStream.read(BufferedInputStream.java:265)
	at java.io.DataInputStream.readInt(DataInputStream.java:387)
	at sbt.impl.ipc.Peer.receive(IPC.scala:95)
	at sbt.impl.ipc.Peer.handshake(IPC.scala:49)
	... 2 more
Taking next connection to: 61457
New client attempting to connect on port: 61462-61457
  Address = /192.168.1.100:61457
This client on port 61462 has uuid 0087928b-0c96-4af7-83f7-3863a2bcd6c7 configName activator humanReadableName Activator protocolVersion 1 featureTags Vector()
Connected Clients: activator-51975fad-bc80-4ebf-a51a-f78d14a1075f, activator-5d19d8e4-f0dc-4068-90e1-52ebeec9166f, activator-0087928b-0c96-4af7-83f7-3863a2bcd6c7
Taking next connection to: 61457
Checking to see if clients are empty...
We have 1 non-daemon clients, continuing serving connections.
Taking next connection to: 61457
Checking to see if clients are empty...
We have 1 non-daemon clients, continuing serving connections.
Taking next connection to: 61457
New client attempting to connect on port: 61494-61457
  Address = /192.168.1.100:61457
Handshake exception on socket: 61494
sbt.impl.ipc.HandshakeException: Unable to perform handshake
	at sbt.impl.ipc.Peer.handshake(IPC.scala:46)
	at sbt.impl.ipc.MultiClientServer.<init>(IPC.scala:150)
	at sbt.server.SbtServerSocketHandler$$anon$1.run(SbtServerSocketHandler.scala:43)
Caused by: java.io.EOFException
	at java.io.DataInputStream.readInt(DataInputStream.java:392)
	at sbt.impl.ipc.Peer.receive(IPC.scala:95)
	at sbt.impl.ipc.Peer.handshake(IPC.scala:49)
	... 2 more
Taking next connection to: 61457
New client attempting to connect on port: 61495-61457
  Address = /192.168.1.100:61457
This client on port 61495 has uuid 9a64074e-fada-4a3a-a60f-bec73335f79b configName play-fork-run humanReadableName Play Fork Run protocolVersion 1 featureTags Vector()
Connected Clients: activator-0087928b-0c96-4af7-83f7-3863a2bcd6c7, play-fork-run-9a64074e-fada-4a3a-a60f-bec73335f79b
Taking next connection to: 61457
Checking to see if clients are empty...
We have 1 non-daemon clients, continuing serving connections.
Taking next connection to: 61457
Checking to see if clients are empty...
We have 1 non-daemon clients, continuing serving connections.
Taking next connection to: 61457
